Flow report for C4M1P2
Sat Aug 24 21:09:27 2024
Quartus Prime Version 23.1std.1 Build 993 05/14/2024 SC Lite Edition


---------------------
; Table of Contents ;
---------------------
  1. Legal Notice
  2. Flow Summary
  3. Flow Settings
  4. Flow Non-Default Global Settings
  5. Flow Elapsed Time
  6. Flow OS Summary
  7. Flow Log
  8. Flow Messages
  9. Flow Suppressed Messages



----------------
; Legal Notice ;
----------------
Copyright (C) 2024  Intel Corporation. All rights reserved.
Your use of Intel Corporation's design tools, logic functions 
and other software and tools, and any partner logic 
functions, and any output files from any of the foregoing 
(including device programming or simulation files), and any 
associated documentation or information are expressly subject 
to the terms and conditions of the Intel Program License 
Subscription Agreement, the Intel Quartus Prime License Agreement,
the Intel FPGA IP License Agreement, or other applicable license
agreement, including, without limitation, that your use is for
the sole purpose of programming logic devices manufactured by
Intel and sold by Intel or its authorized distributors.  Please
refer to the applicable agreement for further details, at
https://fpgasoftware.intel.com/eula.



+-------------------------------------------------------------------------------------+
; Flow Summary                                                                        ;
+------------------------------------+------------------------------------------------+
; Flow Status                        ; Successful - Sat Aug 24 21:09:27 2024          ;
; Quartus Prime Version              ; 23.1std.1 Build 993 05/14/2024 SC Lite Edition ;
; Revision Name                      ; C4M1P2                                         ;
; Top-level Entity Name              ; DE10_LITE_Golden_Top                           ;
; Family                             ; MAX 10                                         ;
; Device                             ; 10M50DAF484C6GES                               ;
; Timing Models                      ; Preliminary                                    ;
; Total logic elements               ; 9 / 49,760 ( < 1 % )                           ;
;     Total combinational functions  ; 9 / 49,760 ( < 1 % )                           ;
;     Dedicated logic registers      ; 0 / 49,760 ( 0 % )                             ;
; Total registers                    ; 0                                              ;
; Total pins                         ; 185 / 360 ( 51 % )                             ;
; Total virtual pins                 ; 0                                              ;
; Total memory bits                  ; 0 / 1,677,312 ( 0 % )                          ;
; Embedded Multiplier 9-bit elements ; 0 / 288 ( 0 % )                                ;
; Total PLLs                         ; 0 / 4 ( 0 % )                                  ;
; UFM blocks                         ; 0 / 1 ( 0 % )                                  ;
; ADC blocks                         ; 0 / 2 ( 0 % )                                  ;
+------------------------------------+------------------------------------------------+


+-----------------------------------------+
; Flow Settings                           ;
+-------------------+---------------------+
; Option            ; Setting             ;
+-------------------+---------------------+
; Start date & time ; 08/24/2024 21:08:58 ;
; Main task         ; Compilation         ;
; Revision Name     ; C4M1P2              ;
+-------------------+---------------------+


+---------------------------------------------------------------------------------------------------------------------------------------+
; Flow Non-Default Global Settings                                                                                                      ;
+--------------------------------------+----------------------------------------+---------------+----------------------+----------------+
; Assignment Name                      ; Value                                  ; Default Value ; Entity Name          ; Section Id     ;
+--------------------------------------+----------------------------------------+---------------+----------------------+----------------+
; COMPILER_SIGNATURE_ID                ; 158527713792738.172454453856543        ; --            ; --                   ; --             ;
; EDA_DESIGN_INSTANCE_NAME             ; NA                                     ; --            ; --                   ; --             ;
; EDA_NATIVELINK_SIMULATION_TEST_BENCH ; C4M1P2                                 ; --            ; --                   ; eda_simulation ;
; EDA_OUTPUT_DATA_FORMAT               ; Verilog Hdl                            ; --            ; --                   ; eda_simulation ;
; EDA_SIMULATION_TOOL                  ; Questa Intel FPGA (Verilog)            ; <None>        ; --                   ; --             ;
; EDA_TEST_BENCH_ENABLE_STATUS         ; TEST_BENCH_MODE                        ; --            ; --                   ; eda_simulation ;
; EDA_TEST_BENCH_FILE                  ; C4M1P2.vhd                             ; --            ; --                   ; --             ;
; EDA_TEST_BENCH_MODULE_NAME           ; C4M1P2                                 ; --            ; --                   ; --             ;
; EDA_TEST_BENCH_NAME                  ; C4M1P2                                 ; --            ; --                   ; eda_simulation ;
; EDA_TIME_SCALE                       ; 1 ps                                   ; --            ; --                   ; eda_simulation ;
; MAX_CORE_JUNCTION_TEMP               ; 85                                     ; --            ; --                   ; --             ;
; MIN_CORE_JUNCTION_TEMP               ; 0                                      ; --            ; --                   ; --             ;
; PARTITION_COLOR                      ; -- (Not supported for targeted family) ; --            ; DE10_LITE_Golden_Top ; Top            ;
; PARTITION_FITTER_PRESERVATION_LEVEL  ; -- (Not supported for targeted family) ; --            ; DE10_LITE_Golden_Top ; Top            ;
; PARTITION_NETLIST_TYPE               ; -- (Not supported for targeted family) ; --            ; DE10_LITE_Golden_Top ; Top            ;
; POWER_BOARD_THERMAL_MODEL            ; None (CONSERVATIVE)                    ; --            ; --                   ; --             ;
; POWER_PRESET_COOLING_SOLUTION        ; 23 MM HEAT SINK WITH 200 LFPM AIRFLOW  ; --            ; --                   ; --             ;
; PROJECT_OUTPUT_DIRECTORY             ; output_files                           ; --            ; --                   ; --             ;
; TOP_LEVEL_ENTITY                     ; DE10_LITE_Golden_Top                   ; C4M1P2        ; --                   ; --             ;
+--------------------------------------+----------------------------------------+---------------+----------------------+----------------+


+--------------------------------------------------------------------------------------------------------------------------+
; Flow Elapsed Time                                                                                                        ;
+----------------------+--------------+-------------------------+---------------------+------------------------------------+
; Module Name          ; Elapsed Time ; Average Processors Used ; Peak Virtual Memory ; Total CPU Time (on all processors) ;
+----------------------+--------------+-------------------------+---------------------+------------------------------------+
; Analysis & Synthesis ; 00:00:08     ; 1.0                     ; 436 MB              ; 00:00:34                           ;
; Fitter               ; 00:00:08     ; 1.0                     ; 1888 MB             ; 00:00:13                           ;
; Assembler            ; 00:00:03     ; 1.0                     ; 371 MB              ; 00:00:03                           ;
; Timing Analyzer      ; 00:00:03     ; 1.0                     ; 621 MB              ; 00:00:03                           ;
; EDA Netlist Writer   ; 00:00:00     ; 1.0                     ; 584 MB              ; 00:00:00                           ;
; Total                ; 00:00:22     ; --                      ; --                  ; 00:00:53                           ;
+----------------------+--------------+-------------------------+---------------------+------------------------------------+


+--------------------------------------------------------------------------------------+
; Flow OS Summary                                                                      ;
+----------------------+------------------+--------------+------------+----------------+
; Module Name          ; Machine Hostname ; OS Name      ; OS Version ; Processor type ;
+----------------------+------------------+--------------+------------+----------------+
; Analysis & Synthesis ; urielcontardi    ; Ubuntu 24.04 ; 24         ; x86_64         ;
; Fitter               ; urielcontardi    ; Ubuntu 24.04 ; 24         ; x86_64         ;
; Assembler            ; urielcontardi    ; Ubuntu 24.04 ; 24         ; x86_64         ;
; Timing Analyzer      ; urielcontardi    ; Ubuntu 24.04 ; 24         ; x86_64         ;
; EDA Netlist Writer   ; urielcontardi    ; Ubuntu 24.04 ; 24         ; x86_64         ;
+----------------------+------------------+--------------+------------+----------------+


------------
; Flow Log ;
------------
quartus_map --read_settings_files=on --write_settings_files=off C4M1P2 -c C4M1P2
quartus_fit --read_settings_files=off --write_settings_files=off C4M1P2 -c C4M1P2
quartus_asm --read_settings_files=off --write_settings_files=off C4M1P2 -c C4M1P2
quartus_sta C4M1P2 -c C4M1P2
quartus_eda --read_settings_files=off --write_settings_files=off C4M1P2 -c C4M1P2



